=========================
Fcitx 5.0.9 -- Get Signal No.: 6
Date: try "date -d @1633992702" if you are using GNU date ***
ProcessID: 3368
/usr/bin/fcitx5(+0xbc54)[0x55956ba9cc54]
/usr/lib/libc.so.6(+0x3cda0)[0x7f3e231a8da0]
/usr/lib/libc.so.6(gsignal+0x142)[0x7f3e231a8d22]
/usr/lib/libc.so.6(abort+0x116)[0x7f3e23192862]
/usr/lib/libFcitx5Utils.so.2(+0x2c863)[0x7f3e235da863]
/usr/lib/libsystemd.so.0(+0x2214b)[0x7f3e2304d14b]
/usr/lib/libsystemd.so.0(+0x22051)[0x7f3e2304d051]
/usr/lib/libsystemd.so.0(+0x21bd2)[0x7f3e2304cbd2]
/usr/lib/libsystemd.so.0(+0x22051)[0x7f3e2304d051]
/usr/lib/libsystemd.so.0(+0x21bd2)[0x7f3e2304cbd2]
/usr/lib/libsystemd.so.0(+0x22051)[0x7f3e2304d051]
/usr/lib/libsystemd.so.0(+0x21bd2)[0x7f3e2304cbd2]
/usr/lib/libsystemd.so.0(+0x22051)[0x7f3e2304d051]
/usr/lib/libsystemd.so.0(+0x21bd2)[0x7f3e2304cbd2]
/usr/lib/libsystemd.so.0(+0x22051)[0x7f3e2304d051]
/usr/lib/libsystemd.so.0(+0x21bd2)[0x7f3e2304cbd2]
/usr/lib/libsystemd.so.0(+0x22051)[0x7f3e2304d051]
/usr/lib/libsystemd.so.0(+0x21b6e)[0x7f3e2304cb6e]
/usr/lib/libsystemd.so.0(+0x221c0)[0x7f3e2304d1c0]
/usr/lib/libsystemd.so.0(+0x389d8)[0x7f3e230639d8]
/usr/lib/libsystemd.so.0(+0x4043f)[0x7f3e2306b43f]
/usr/lib/libsystemd.so.0(+0x48314)[0x7f3e23073314]
/usr/lib/libsystemd.so.0(+0x721c9)[0x7f3e2309d1c9]
/usr/lib/libsystemd.so.0(sd_event_dispatch+0x12e)[0x7f3e2309d4be]
/usr/lib/libsystemd.so.0(sd_event_run+0xc9)[0x7f3e2309fcf9]
/usr/lib/libsystemd.so.0(sd_event_loop+0x50)[0x7f3e2309ff10]
/usr/lib/libFcitx5Utils.so.2(_ZN5fcitx9EventLoop4execEv+0x12)[0x7f3e235f1952]
/usr/lib/libFcitx5Core.so.7(_ZN5fcitx8Instance4execEv+0x57)[0x7f3e236bf9d7]
/usr/bin/fcitx5(+0xaaa2)[0x55956ba9baa2]
/usr/lib/libc.so.6(__libc_start_main+0xd5)[0x7f3e23193b25]
/usr/bin/fcitx5(+0xae9e)[0x55956ba9be9e]
